[2013-03-24 17:42:50] Trying to parse /Applications/XBMC.app/Contents/info.plist
[2013-03-24 17:42:50] /Applications/XBMC.app/Contents/Resources/xbmc.icns
[2013-03-24 17:42:50] Generating Icon for XBMC...
[2013-03-24 17:42:50] Icon file presumed under /Applications/XBMC.app/Contents/Resources/xbmc.icns
[2013-03-24 17:42:50] Icon xbmc already exists, skipping
[2013-03-24 17:42:50] App shutdown is a script. Use default icon...
[2013-03-24 17:42:50] Trying to parse /Applications/iTunes.app/Contents/info.plist
[2013-03-24 17:42:50] /Applications/iTunes.app/Contents/Resources/iTunes.icns
[2013-03-24 17:42:50] Generating Icon for iTunes...
[2013-03-24 17:42:50] Icon file presumed under /Applications/iTunes.app/Contents/Resources/iTunes.icns
[2013-03-24 17:42:50] Icon iTunes already exists, skipping
[2013-03-24 17:42:50] Trying to parse /Applications/VLC.app/Contents/info.plist
[2013-03-24 17:42:50] /Applications/VLC.app/Contents/Resources/vlc.icns
[2013-03-24 17:42:50] Generating Icon for VLC...
[2013-03-24 17:42:50] Icon file presumed under /Applications/VLC.app/Contents/Resources/vlc.icns
[2013-03-24 17:42:50] Icon vlc already exists, skipping
[2013-03-24 17:42:50] Trying to parse /Applications/Spotify.app/Contents/info.plist
[2013-03-24 17:42:50] /Applications/Spotify.app/Contents/Resources/icon
[2013-03-24 17:42:50] added icns extension...
[2013-03-24 17:42:50] Generating Icon for Spotify...
[2013-03-24 17:42:50] Icon file presumed under /Applications/Spotify.app/Contents/Resources/icon.icns
[2013-03-24 17:42:50] Icon icon already exists, skipping
[2013-03-24 17:42:59] New Connection is comming in...
